<?xml version="1.0" encoding="UTF-8"?>
<!-- Generated by org.testng.reporters.JUnitReportReporter -->
<testsuite hostname="DESKTOP-QNHJ5Q7" name="rEQRESExample.TC_01_VerifyListUser" tests="1" failures="0" timestamp="2 Nov 2023 03:13:37 GMT" time="2.974" errors="0">
  <testcase name="verifyListUser" time="2.974" classname="rEQRESExample.TC_01_VerifyListUser"/>
</testsuite> <!-- rEQRESExample.TC_01_VerifyListUser -->
