<?xml version="1.0" encoding="UTF-8"?>
<!-- Generated by org.testng.reporters.JUnitReportReporter -->
<testsuite ignored="0" hostname="DESKTOP-QNHJ5Q7" failures="0" tests="1" name="rEQRESExample.TC_01_VerifyListUser" time="4.662" errors="0" timestamp="02 Nov 2023 03:24:14 GMT" skipped="0">
  <testcase classname="rEQRESExample.TC_01_VerifyListUser" name="verifyListUser" time="4.662"/>
</testsuite> <!-- rEQRESExample.TC_01_VerifyListUser -->
